#
# There is insufficient memory for the Java Runtime Environment to continue.
# Native memory allocation (malloc) failed to allocate 32744 bytes for ChunkPool::allocate
# Possible reasons:
#   The system is out of physical RAM or swap space
#   The process is running with CompressedOops enabled, and the Java Heap may be blocking the growth of the native heap
# Possible solutions:
#   Reduce memory load on the system
#   Increase physical memory or swap space
#   Check if swap backing store is full
#   Decrease Java heap size (-Xmx/-Xms)
#   Decrease number of Java threads
#   Decrease Java thread stack sizes (-Xss)
#   Set larger code cache with -XX:ReservedCodeCacheSize=
#   JVM is running with Unscaled Compressed Oops mode in which the Java heap is
#     placed in the first 4GB address space. The Java Heap base address is the
#     maximum limit for the native heap growth. Please use -XX:HeapBaseMinAddress
#     to set the Java Heap base and to place the Java Heap above 4GB virtual address.
# This output file may be truncated or incomplete.
#
#  Out of Memory Error (arena.cpp:79), pid=9784, tid=17876
#
# JRE version: Java(TM) SE Runtime Environment (16.0.1+9) (build 16.0.1+9-24)
# Java VM: Java HotSpot(TM) 64-Bit Server VM (16.0.1+9-24, mixed mode, tiered, compressed oops, compressed class ptrs, g1 gc, windows-amd64)
# No core dump will be written. Minidumps are not enabled by default on client versions of Windows
#

---------------  S U M M A R Y ------------

Command Line: -Dfile.encoding=Cp1252 -XX:+ShowCodeDetailsInExceptionMessages com.user.MainReadCsvFile

Host: Intel(R) Core(TM) i3-7020U CPU @ 2.30GHz, 4 cores, 3G,  Windows 10 , 64 bit Build 18362 (10.0.18362.1110)
Time: Wed Aug 25 19:42:51 2021 India Standard Time elapsed time: 0.472795 seconds (0d 0h 0m 0s)

---------------  T H R E A D  ---------------

Current thread (0x00000235dbdbe480):  JavaThread "C2 CompilerThread0" daemon [_thread_in_native, id=17876, stack(0x000000942f600000,0x000000942f700000)]


Current CompileTask:
C2:    473   13       4       java.lang.StringLatin1::hashCode (42 bytes)

Stack: [0x000000942f600000,0x000000942f700000]
Native frames: (J=compiled Java code, j=interpreted, Vv=VM code, C=native code)
V  [jvm.dll+0x6687ca]
V  [jvm.dll+0x7ca3c9]
V  [jvm.dll+0x7cbb53]
V  [jvm.dll+0x7cc1b3]
V  [jvm.dll+0x242ea5]
V  [jvm.dll+0xae25f]
V  [jvm.dll+0xae5ac]
V  [jvm.dll+0x2a5325]
V  [jvm.dll+0x574359]
V  [jvm.dll+0x21eb55]
V  [jvm.dll+0x217e51]
V  [jvm.dll+0x21524c]
V  [jvm.dll+0x1a1d9b]
V  [jvm.dll+0x2253a8]
V  [jvm.dll+0x2233ec]
V  [jvm.dll+0x780002]
V  [jvm.dll+0x779b4a]
V  [jvm.dll+0x667666]
C  [ucrtbase.dll+0x210b2]
C  [KERNEL32.DLL+0x17c24]
C  [ntdll.dll+0x6d4d1]


---------------  P R O C E S S  ---------------

Threads class SMR info:
_java_thread_list=0x00000235dc96cf30, length=11, elements={
0x00000235c0bea1c0, 0x00000235dbd68250, 0x00000235dbd6b3a0, 0x00000235dbd9b6e0,
0x00000235dbd9d2f0, 0x00000235dbd9def0, 0x00000235dbda30c0, 0x00000235dbdbe480,
0x00000235dbdbfde0, 0x00000235dbdd4b20, 0x00000235dc99b380
}

Java Threads: ( => current thread )
  0x00000235c0bea1c0 JavaThread "main" [_thread_in_vm, id=13200, stack(0x000000942e900000,0x000000942ea00000)]
  0x00000235dbd68250 JavaThread "Reference Handler" daemon [_thread_blocked, id=5460, stack(0x000000942f000000,0x000000942f100000)]
  0x00000235dbd6b3a0 JavaThread "Finalizer" daemon [_thread_blocked, id=16552, stack(0x000000942f100000,0x000000942f200000)]
  0x00000235dbd9b6e0 JavaThread "Signal Dispatcher" daemon [_thread_blocked, id=1752, stack(0x000000942f200000,0x000000942f300000)]
  0x00000235dbd9d2f0 JavaThread "Attach Listener" daemon [_thread_blocked, id=6204, stack(0x000000942f300000,0x000000942f400000)]
  0x00000235dbd9def0 JavaThread "Service Thread" daemon [_thread_blocked, id=372, stack(0x000000942f400000,0x000000942f500000)]
  0x00000235dbda30c0 JavaThread "Monitor Deflation Thread" daemon [_thread_blocked, id=17896, stack(0x000000942f500000,0x000000942f600000)]
=>0x00000235dbdbe480 JavaThread "C2 CompilerThread0" daemon [_thread_in_native, id=17876, stack(0x000000942f600000,0x000000942f700000)]
  0x00000235dbdbfde0 JavaThread "C1 CompilerThread0" daemon [_thread_blocked, id=3164, stack(0x000000942f700000,0x000000942f800000)]
  0x00000235dbdd4b20 JavaThread "Sweeper thread" daemon [_thread_blocked, id=11468, stack(0x000000942f800000,0x000000942f900000)]
  0x00000235dc99b380 JavaThread "Notification Thread" daemon [_thread_blocked, id=3952, stack(0x000000942f900000,0x000000942fa00000)]

Other Threads:
  0x00000235c0cb7500 VMThread "VM Thread" [stack: 0x000000942ef00000,0x000000942f000000] [id=5400]
  0x00000235c0c1a0f0 GCTaskThread "GC Thread#0" [stack: 0x000000942ea00000,0x000000942eb00000] [id=11248]
  0x00000235c0c23650 ConcurrentGCThread "G1 Main Marker" [stack: 0x000000942eb00000,0x000000942ec00000] [id=2552]
  0x00000235c0c240c0 ConcurrentGCThread "G1 Conc#0" [stack: 0x000000942ec00000,0x000000942ed00000] [id=14208]
  0x00000235c0c71970 ConcurrentGCThread "G1 Refine#0" [stack: 0x000000942ed00000,0x000000942ee00000] [id=11672]
  0x00000235c0c723f0 ConcurrentGCThread "G1 Service" [stack: 0x000000942ee00000,0x000000942ef00000] [id=15668]

Threads with active compile tasks:
C2 CompilerThread0      679   13       4       java.lang.StringLatin1::hashCode (42 bytes)

VM state: not at safepoint (normal execution)

VM Mutex/Monitor currently owned by a thread: None

Heap address: 0x00000000c1400000, size: 1004 MB, Compressed Oops mode: 32-bit

CDS disabled.
Compressed class space mapped at: 0x0000000100000000-0x0000000140000000, reserved size: 1073741824
Narrow klass base: 0x0000000000000000, Narrow klass shift: 3, Narrow klass range: 0x140000000

GC Precious Log:
 CPUs: 4 total, 4 available
 Memory: 4011M
 Large Page Support: Disabled
 NUMA Support: Disabled
 Compressed Oops: Enabled (32-bit)
 Heap Region Size: 1M
 Heap Min Capacity: 8M
 Heap Initial Capacity: 64M
 Heap Max Capacity: 1004M
 Pre-touch: Disabled
 Parallel Workers: 4
 Concurrent Workers: 1
 Concurrent Refinement Workers: 4
 Periodic GC: Disabled

Heap:
 garbage-first heap   total 65536K, used 1024K [0x00000000c1400000, 0x0000000100000000)
  region size 1024K, 2 young (2048K), 0 survivors (0K)
 Metaspace       used 3505K, committed 3584K, reserved 1056768K
  class space    used 279K, committed 320K, reserved 1048576K

Heap Regions: E=young(eden), S=young(survivor), O=old, HS=humongous(starts), HC=humongous(continues), CS=collection set, F=free, OA=open archive, CA=closed archive, TAMS=top-at-mark-start (previous, next)
|   0|0x00000000c1400000, 0x00000000c1400000, 0x00000000c1500000|  0%| F|  |TAMS 0x00000000c1400000, 0x00000000c1400000| Untracked 
|   1|0x00000000c1500000, 0x00000000c1500000, 0x00000000c1600000|  0%| F|  |TAMS 0x00000000c1500000, 0x00000000c1500000| Untracked 
|   2|0x00000000c1600000, 0x00000000c1600000, 0x00000000c1700000|  0%| F|  |TAMS 0x00000000c1600000, 0x00000000c1600000| Untracked 
|   3|0x00000000c1700000, 0x00000000c1700000, 0x00000000c1800000|  0%| F|  |TAMS 0x00000000c1700000, 0x00000000c1700000| Untracked 
|   4|0x00000000c1800000, 0x00000000c1800000, 0x00000000c1900000|  0%| F|  |TAMS 0x00000000c1800000, 0x00000000c1800000| Untracked 
|   5|0x00000000c1900000, 0x00000000c1900000, 0x00000000c1a00000|  0%| F|  |TAMS 0x00000000c1900000, 0x00000000c1900000| Untracked 
|   6|0x00000000c1a00000, 0x00000000c1a00000, 0x00000000c1b00000|  0%| F|  |TAMS 0x00000000c1a00000, 0x00000000c1a00000| Untracked 
|   7|0x00000000c1b00000, 0x00000000c1b00000, 0x00000000c1c00000|  0%| F|  |TAMS 0x00000000c1b00000, 0x00000000c1b00000| Untracked 
|   8|0x00000000c1c00000, 0x00000000c1c00000, 0x00000000c1d00000|  0%| F|  |TAMS 0x00000000c1c00000, 0x00000000c1c00000| Untracked 
|   9|0x00000000c1d00000, 0x00000000c1d00000, 0x00000000c1e00000|  0%| F|  |TAMS 0x00000000c1d00000, 0x00000000c1d00000| Untracked 
|  10|0x00000000c1e00000, 0x00000000c1e00000, 0x00000000c1f00000|  0%| F|  |TAMS 0x00000000c1e00000, 0x00000000c1e00000| Untracked 
|  11|0x00000000c1f00000, 0x00000000c1f00000, 0x00000000c2000000|  0%| F|  |TAMS 0x00000000c1f00000, 0x00000000c1f00000| Untracked 
|  12|0x00000000c2000000, 0x00000000c2000000, 0x00000000c2100000|  0%| F|  |TAMS 0x00000000c2000000, 0x00000000c2000000| Untracked 
|  13|0x00000000c2100000, 0x00000000c2100000, 0x00000000c2200000|  0%| F|  |TAMS 0x00000000c2100000, 0x00000000c2100000| Untracked 
|  14|0x00000000c2200000, 0x00000000c2200000, 0x00000000c2300000|  0%| F|  |TAMS 0x00000000c2200000, 0x00000000c2200000| Untracked 
|  15|0x00000000c2300000, 0x00000000c2300000, 0x00000000c2400000|  0%| F|  |TAMS 0x00000000c2300000, 0x00000000c2300000| Untracked 
|  16|0x00000000c2400000, 0x00000000c2400000, 0x00000000c2500000|  0%| F|  |TAMS 0x00000000c2400000, 0x00000000c2400000| Untracked 
|  17|0x00000000c2500000, 0x00000000c2500000, 0x00000000c2600000|  0%| F|  |TAMS 0x00000000c2500000, 0x00000000c2500000| Untracked 
|  18|0x00000000c2600000, 0x00000000c2600000, 0x00000000c2700000|  0%| F|  |TAMS 0x00000000c2600000, 0x00000000c2600000| Untracked 
|  19|0x00000000c2700000, 0x00000000c2700000, 0x00000000c2800000|  0%| F|  |TAMS 0x00000000c2700000, 0x00000000c2700000| Untracked 
|  20|0x00000000c2800000, 0x00000000c2800000, 0x00000000c2900000|  0%| F|  |TAMS 0x00000000c2800000, 0x00000000c2800000| Untracked 
|  21|0x00000000c2900000, 0x00000000c2900000, 0x00000000c2a00000|  0%| F|  |TAMS 0x00000000c2900000, 0x00000000c2900000| Untracked 
|  22|0x00000000c2a00000, 0x00000000c2a00000, 0x00000000c2b00000|  0%| F|  |TAMS 0x00000000c2a00000, 0x00000000c2a00000| Untracked 
|  23|0x00000000c2b00000, 0x00000000c2b00000, 0x00000000c2c00000|  0%| F|  |TAMS 0x00000000c2b00000, 0x00000000c2b00000| Untracked 
|  24|0x00000000c2c00000, 0x00000000c2c00000, 0x00000000c2d00000|  0%| F|  |TAMS 0x00000000c2c00000, 0x00000000c2c00000| Untracked 
|  25|0x00000000c2d00000, 0x00000000c2d00000, 0x00000000c2e00000|  0%| F|  |TAMS 0x00000000c2d00000, 0x00000000c2d00000| Untracked 
|  26|0x00000000c2e00000, 0x00000000c2e00000, 0x00000000c2f00000|  0%| F|  |TAMS 0x00000000c2e00000, 0x00000000c2e00000| Untracked 
|  27|0x00000000c2f00000, 0x00000000c2f00000, 0x00000000c3000000|  0%| F|  |TAMS 0x00000000c2f00000, 0x00000000c2f00000| Untracked 
|  28|0x00000000c3000000, 0x00000000c3000000, 0x00000000c3100000|  0%| F|  |TAMS 0x00000000c3000000, 0x00000000c3000000| Untracked 
|  29|0x00000000c3100000, 0x00000000c3100000, 0x00000000c3200000|  0%| F|  |TAMS 0x00000000c3100000, 0x00000000c3100000| Untracked 
|  30|0x00000000c3200000, 0x00000000c3200000, 0x00000000c3300000|  0%| F|  |TAMS 0x00000000c3200000, 0x00000000c3200000| Untracked 
|  31|0x00000000c3300000, 0x00000000c3300000, 0x00000000c3400000|  0%| F|  |TAMS 0x00000000c3300000, 0x00000000c3300000| Untracked 
|  32|0x00000000c3400000, 0x00000000c3400000, 0x00000000c3500000|  0%| F|  |TAMS 0x00000000c3400000, 0x00000000c3400000| Untracked 
|  33|0x00000000c3500000, 0x00000000c3500000, 0x00000000c3600000|  0%| F|  |TAMS 0x00000000c3500000, 0x00000000c3500000| Untracked 
|  34|0x00000000c3600000, 0x00000000c3600000, 0x00000000c3700000|  0%| F|  |TAMS 0x00000000c3600000, 0x00000000c3600000| Untracked 
|  35|0x00000000c3700000, 0x00000000c3700000, 0x00000000c3800000|  0%| F|  |TAMS 0x00000000c3700000, 0x00000000c3700000| Untracked 
|  36|0x00000000c3800000, 0x00000000c3800000, 0x00000000c3900000|  0%| F|  |TAMS 0x00000000c3800000, 0x00000000c3800000| Untracked 
|  37|0x00000000c3900000, 0x00000000c3900000, 0x00000000c3a00000|  0%| F|  |TAMS 0x00000000c3900000, 0x00000000c3900000| Untracked 
|  38|0x00000000c3a00000, 0x00000000c3a00000, 0x00000000c3b00000|  0%| F|  |TAMS 0x00000000c3a00000, 0x00000000c3a00000| Untracked 
|  39|0x00000000c3b00000, 0x00000000c3b00000, 0x00000000c3c00000|  0%| F|  |TAMS 0x00000000c3b00000, 0x00000000c3b00000| Untracked 
|  40|0x00000000c3c00000, 0x00000000c3c00000, 0x00000000c3d00000|  0%| F|  |TAMS 0x00000000c3c00000, 0x00000000c3c00000| Untracked 
|  41|0x00000000c3d00000, 0x00000000c3d00000, 0x00000000c3e00000|  0%| F|  |TAMS 0x00000000c3d00000, 0x00000000c3d00000| Untracked 
|  42|0x00000000c3e00000, 0x00000000c3e00000, 0x00000000c3f00000|  0%| F|  |TAMS 0x00000000c3e00000, 0x00000000c3e00000| Untracked 
|  43|0x00000000c3f00000, 0x00000000c3f00000, 0x00000000c4000000|  0%| F|  |TAMS 0x00000000c3f00000, 0x00000000c3f00000| Untracked 
|  44|0x00000000c4000000, 0x00000000c4000000, 0x00000000c4100000|  0%| F|  |TAMS 0x00000000c4000000, 0x00000000c4000000| Untracked 
|  45|0x00000000c4100000, 0x00000000c4100000, 0x00000000c4200000|  0%| F|  |TAMS 0x00000000c4100000, 0x00000000c4100000| Untracked 
|  46|0x00000000c4200000, 0x00000000c4200000, 0x00000000c4300000|  0%| F|  |TAMS 0x00000000c4200000, 0x00000000c4200000| Untracked 
|  47|0x00000000c4300000, 0x00000000c4300000, 0x00000000c4400000|  0%| F|  |TAMS 0x00000000c4300000, 0x00000000c4300000| Untracked 
|  48|0x00000000c4400000, 0x00000000c4400000, 0x00000000c4500000|  0%| F|  |TAMS 0x00000000c4400000, 0x00000000c4400000| Untracked 
|  49|0x00000000c4500000, 0x00000000c4500000, 0x00000000c4600000|  0%| F|  |TAMS 0x00000000c4500000, 0x00000000c4500000| Untracked 
|  50|0x00000000c4600000, 0x00000000c4600000, 0x00000000c4700000|  0%| F|  |TAMS 0x00000000c4600000, 0x00000000c4600000| Untracked 
|  51|0x00000000c4700000, 0x00000000c4700000, 0x00000000c4800000|  0%| F|  |TAMS 0x00000000c4700000, 0x00000000c4700000| Untracked 
|  52|0x00000000c4800000, 0x00000000c4800000, 0x00000000c4900000|  0%| F|  |TAMS 0x00000000c4800000, 0x00000000c4800000| Untracked 
|  53|0x00000000c4900000, 0x00000000c4900000, 0x00000000c4a00000|  0%| F|  |TAMS 0x00000000c4900000, 0x00000000c4900000| Untracked 
|  54|0x00000000c4a00000, 0x00000000c4a00000, 0x00000000c4b00000|  0%| F|  |TAMS 0x00000000c4a00000, 0x00000000c4a00000| Untracked 
|  55|0x00000000c4b00000, 0x00000000c4b00000, 0x00000000c4c00000|  0%| F|  |TAMS 0x00000000c4b00000, 0x00000000c4b00000| Untracked 
|  56|0x00000000c4c00000, 0x00000000c4c00000, 0x00000000c4d00000|  0%| F|  |TAMS 0x00000000c4c00000, 0x00000000c4c00000| Untracked 
|  57|0x00000000c4d00000, 0x00000000c4d00000, 0x00000000c4e00000|  0%| F|  |TAMS 0x00000000c4d00000, 0x00000000c4d00000| Untracked 
|  58|0x00000000c4e00000, 0x00000000c4e00000, 0x00000000c4f00000|  0%| F|  |TAMS 0x00000000c4e00000, 0x00000000c4e00000| Untracked 
|  59|0x00000000c4f00000, 0x00000000c4f00000, 0x00000000c5000000|  0%| F|  |TAMS 0x00000000c4f00000, 0x00000000c4f00000| Untracked 
|  60|0x00000000c5000000, 0x00000000c5000000, 0x00000000c5100000|  0%| F|  |TAMS 0x00000000c5000000, 0x00000000c5000000| Untracked 
|  61|0x00000000c5100000, 0x00000000c5100000, 0x00000000c5200000|  0%| F|  |TAMS 0x00000000c5100000, 0x00000000c5100000| Untracked 
|  62|0x00000000c5200000, 0x00000000c5243168, 0x00000000c5300000| 26%| E|  |TAMS 0x00000000c5200000, 0x00000000c5200000| Complete 
|  63|0x00000000c5300000, 0x00000000c5400000, 0x00000000c5400000|100%| E|CS|TAMS 0x00000000c5300000, 0x00000000c5300000| Complete 

Card table byte_map: [0x00000235d7560000,0x00000235d7760000] _byte_map_base: 0x00000235d6f56000

Marking Bits (Prev, Next): (CMBitMap*) 0x00000235c0c1a760, (CMBitMap*) 0x00000235c0c1a7a0
 Prev Bits: [0x00000235d7960000, 0x00000235d8910000)
 Next Bits: [0x00000235d8910000, 0x00000235d98c0000)

Polling page: 0x00000235bebc0000

Metaspace:

Usage:
  Non-class:      3.15 MB used.
      Class:    279.18 KB used.
       Both:      3.42 MB used.

Virtual space:
  Non-class space:        8.00 MB reserved,       3.19 MB ( 40%) committed,  1 nodes.
      Class space:        1.00 GB reserved,     320.00 KB ( <1%) committed,  1 nodes.
              Both:        1.01 GB reserved,       3.50 MB ( <1%) committed. 

Chunk freelists:
   Non-Class:  0 bytes
       Class:  3.62 MB
        Both:  3.62 MB

MaxMetaspaceSize: 17179869184.00 GB
CompressedClassSpaceSize: 1.00 GB
 - commit_granule_bytes: 65536.
 - commit_granule_words: 8192.
 - virtual_space_node_default_size: 1048576.
 - enlarge_chunks_in_place: 1.
 - new_chunks_are_fully_committed: 0.
 - uncommit_free_chunks: 1.
 - use_allocation_guard: 0.
 - handle_deallocations: 1.


Internal statistics:

num_allocs_failed_limit: 0.
num_arena_births: 2.
num_arena_deaths: 0.
num_vsnodes_births: 2.
num_vsnodes_deaths: 0.
num_space_committed: 56.
num_space_uncommitted: 0.
num_chunks_returned_to_freelist: 0.
num_chunks_taken_from_freelist: 4.
num_chunk_merges: 0.
num_chunk_splits: 1.
num_chunks_enlarged: 0.
num_purges: 0.

CodeHeap 'non-profiled nmethods': size=120000Kb used=11Kb max_used=11Kb free=119988Kb
 bounds [0x00000235cfe30000, 0x00000235d00a0000, 0x00000235d7360000]
CodeHeap 'profiled nmethods': size=120000Kb used=77Kb max_used=77Kb free=119922Kb
 bounds [0x00000235c8900000, 0x00000235c8b70000, 0x00000235cfe30000]
CodeHeap 'non-nmethods': size=5760Kb used=1031Kb max_used=1034Kb free=4728Kb
 bounds [0x00000235c8360000, 0x00000235c85d0000, 0x00000235c8900000]
 total_blobs=336 nmethods=58 adapters=191
 compilation: enabled
              stopped_count=0, restarted_count=0
 full_count=0

Compilation events (20 events):
Event: 0.431 Thread 0x00000235dbdbfde0    9       3       java.lang.StringLatin1::equals (36 bytes)
Event: 0.432 Thread 0x00000235dbdbfde0 nmethod 9 0x00000235c8902a10 code [0x00000235c8902bc0, 0x00000235c8902e78]
Event: 0.432 Thread 0x00000235dbdbfde0   10       3       java.util.ImmutableCollections$SetN::hashCode (46 bytes)
Event: 0.432 Thread 0x00000235dbdbfde0 nmethod 10 0x00000235c8902f90 code [0x00000235c8903140, 0x00000235c8903428]
Event: 0.432 Thread 0x00000235dbdbfde0    8       3       java.lang.String::equals (50 bytes)
Event: 0.433 Thread 0x00000235dbdbe480   13       4       java.lang.StringLatin1::hashCode (42 bytes)
Event: 0.434 Thread 0x00000235dbdbfde0 nmethod 8 0x00000235c8903590 code [0x00000235c8903760, 0x00000235c8903ba8]
Event: 0.434 Thread 0x00000235dbdbfde0   12       3       java.util.Set::of (4 bytes)
Event: 0.434 Thread 0x00000235dbdbfde0 nmethod 12 0x00000235c8903c90 code [0x00000235c8903e20, 0x00000235c8903f18]
Event: 0.434 Thread 0x00000235dbdbfde0   11       3       java.util.Objects::equals (23 bytes)
Event: 0.435 Thread 0x00000235dbdbfde0 nmethod 11 0x00000235c8903f90 code [0x00000235c8904140, 0x00000235c89043a8]
Event: 0.435 Thread 0x00000235dbdbfde0   14       3       java.util.Objects::requireNonNull (14 bytes)
Event: 0.435 Thread 0x00000235dbdbfde0 nmethod 14 0x00000235c8904490 code [0x00000235c8904640, 0x00000235c8904828]
Event: 0.435 Thread 0x00000235dbdbfde0   15       3       java.util.AbstractCollection::<init> (5 bytes)
Event: 0.436 Thread 0x00000235dbdbfde0 nmethod 15 0x00000235c8904910 code [0x00000235c8904ac0, 0x00000235c8904c18]
Event: 0.436 Thread 0x00000235dbdbfde0   16       3       java.util.ImmutableCollections$AbstractImmutableCollection::<init> (5 bytes)
Event: 0.436 Thread 0x00000235dbdbfde0 nmethod 16 0x00000235c8904d10 code [0x00000235c8904ec0, 0x00000235c8905078]
Event: 0.436 Thread 0x00000235dbdbfde0   17       3       java.util.ImmutableCollections$AbstractImmutableSet::<init> (5 bytes)
Event: 0.437 Thread 0x00000235dbdbfde0 nmethod 17 0x00000235c8905190 code [0x00000235c8905340, 0x00000235c8905578]
Event: 0.437 Thread 0x00000235dbdbfde0   19       3       java.util.Set::of (68 bytes)

GC Heap History (0 events):
No events

Deoptimization events (0 events):
No events

Classes unloaded (0 events):
No events

Classes redefined (0 events):
No events

Internal exceptions (0 events):
No events

Events (20 events):
Event: 0.424 loading class java/lang/module/ModuleDescriptor$Exports done
Event: 0.427 loading class java/lang/module/ModuleDescriptor$Opens
Event: 0.427 loading class java/lang/module/ModuleDescriptor$Opens done
Event: 0.427 loading class java/lang/module/ModuleDescriptor$Provides
Event: 0.427 loading class java/lang/module/ModuleDescriptor$Provides done
Event: 0.427 loading class java/util/ImmutableCollections$List12
Event: 0.428 loading class java/util/ImmutableCollections$List12 done
Event: 0.429 loading class java/lang/module/ModuleDescriptor$Version
Event: 0.429 loading class java/lang/module/ModuleDescriptor$Version done
Event: 0.430 loading class java/lang/module/ModuleDescriptor$Modifier
Event: 0.430 loading class java/lang/Enum
Event: 0.430 loading class java/lang/Enum done
Event: 0.430 loading class java/lang/module/ModuleDescriptor$Modifier done
Event: 0.430 loading class java/lang/module/ModuleDescriptor$Requires$Modifier
Event: 0.430 loading class java/lang/module/ModuleDescriptor$Requires$Modifier done
Event: 0.437 loading class jdk/internal/module/ModuleTarget
Event: 0.437 loading class jdk/internal/module/ModuleTarget done
Event: 0.437 loading class jdk/internal/module/ModuleHashes
Event: 0.438 loading class jdk/internal/module/ModuleHashes done
Event: 0.438 loading class jdk/internal/module/ModuleHashes$Builder


Dynamic libraries:
0x00007ff740c10000 - 0x00007ff740c20000 	C:\Program Files\Java\jdk-16.0.1\bin\javaw.exe
0x00007ff8389a0000 - 0x00007ff838b90000 	C:\Windows\SYSTEM32\ntdll.dll
0x00007ff836bc0000 - 0x00007ff836c72000 	C:\Windows\System32\KERNEL32.DLL
0x00007ff836420000 - 0x00007ff8366c5000 	C:\Windows\System32\KERNELBASE.dll
0x00007ff835910000 - 0x00007ff835a0a000 	C:\Windows\System32\ucrtbase.dll
0x00007ff829d40000 - 0x00007ff829d58000 	C:\Program Files\Java\jdk-16.0.1\bin\jli.dll
0x00007ff829d20000 - 0x00007ff829d39000 	C:\Program Files\Java\jdk-16.0.1\bin\VCRUNTIME140.dll
0x00007ff836a50000 - 0x00007ff836af3000 	C:\Windows\System32\ADVAPI32.dll
0x00007ff837ea0000 - 0x00007ff837f3e000 	C:\Windows\System32\msvcrt.dll
0x00007ff837450000 - 0x00007ff8374e7000 	C:\Windows\System32\sechost.dll
0x00007ff836e90000 - 0x00007ff836fb0000 	C:\Windows\System32\RPCRT4.dll
0x00007ff838610000 - 0x00007ff8387a4000 	C:\Windows\System32\USER32.dll
0x00007ff836960000 - 0x00007ff836981000 	C:\Windows\System32\win32u.dll
0x00007ff837420000 - 0x00007ff837446000 	C:\Windows\System32\GDI32.dll
0x00007ff81d6d0000 - 0x00007ff81d954000 	C:\Windows\WinSxS\amd64_microsoft.windows.common-controls_6595b64144ccf1df_6.0.18362.1256_none_9e7e379be45e40e2\COMCTL32.dll
0x00007ff835af0000 - 0x00007ff835c86000 	C:\Windows\System32\gdi32full.dll
0x00007ff8369b0000 - 0x00007ff836a4e000 	C:\Windows\System32\msvcp_win.dll
0x00007ff8380a0000 - 0x00007ff8383d6000 	C:\Windows\System32\combase.dll
0x00007ff835a10000 - 0x00007ff835a91000 	C:\Windows\System32\bcryptPrimitives.dll
0x00007ff82ebf0000 - 0x00007ff82ebfa000 	C:\Windows\SYSTEM32\VERSION.dll
0x00007ff837e70000 - 0x00007ff837e9e000 	C:\Windows\System32\IMM32.DLL
0x00007ff82fd10000 - 0x00007ff82fd1c000 	C:\Program Files\Java\jdk-16.0.1\bin\vcruntime140_1.dll
0x00007ff815f50000 - 0x00007ff815fe1000 	C:\Program Files\Java\jdk-16.0.1\bin\msvcp140.dll
0x00007ffff4700000 - 0x00007ffff52ab000 	C:\Program Files\Java\jdk-16.0.1\bin\server\jvm.dll
0x00007ff838600000 - 0x00007ff838608000 	C:\Windows\System32\PSAPI.DLL
0x00007ff833060000 - 0x00007ff833084000 	C:\Windows\SYSTEM32\WINMM.dll
0x00007ff822450000 - 0x00007ff822459000 	C:\Windows\SYSTEM32\WSOCK32.dll
0x00007ff8383e0000 - 0x00007ff83844f000 	C:\Windows\System32\WS2_32.dll
0x00007ff832ff0000 - 0x00007ff83301d000 	C:\Windows\SYSTEM32\WINMMBASE.dll
0x00007ff835aa0000 - 0x00007ff835aea000 	C:\Windows\System32\cfgmgr32.dll
0x00007ff835850000 - 0x00007ff835861000 	C:\Windows\System32\kernel.appcore.dll
0x00007ff82aad0000 - 0x00007ff82aada000 	C:\Program Files\Java\jdk-16.0.1\bin\jimage.dll
0x00007ff834100000 - 0x00007ff8342f4000 	C:\Windows\SYSTEM32\DBGHELP.DLL
0x00007ff821520000 - 0x00007ff82154a000 	C:\Windows\SYSTEM32\dbgcore.DLL
0x00007ff829ad0000 - 0x00007ff829af5000 	C:\Program Files\Java\jdk-16.0.1\bin\java.dll
0x00007ff8374f0000 - 0x00007ff837bd7000 	C:\Windows\System32\SHELL32.dll
0x00007ff836d60000 - 0x00007ff836e09000 	C:\Windows\System32\shcore.dll
0x00007ff835c90000 - 0x00007ff836411000 	C:\Windows\System32\windows.storage.dll
0x00007ff8358e0000 - 0x00007ff835903000 	C:\Windows\System32\profapi.dll
0x00007ff835890000 - 0x00007ff8358da000 	C:\Windows\System32\powrprof.dll
0x00007ff835840000 - 0x00007ff835850000 	C:\Windows\System32\UMPDC.dll
0x00007ff836d00000 - 0x00007ff836d52000 	C:\Windows\System32\shlwapi.dll
0x00007ff836990000 - 0x00007ff8369a7000 	C:\Windows\System32\cryptsp.dll

dbghelp: loaded successfully - version: 4.0.5 - missing functions: none
symbol engine: initialized successfully - sym options: 0x614 - pdb path: .;C:\Program Files\Java\jdk-16.0.1\bin;C:\Windows\SYSTEM32;C:\Windows\WinSxS\amd64_microsoft.windows.common-controls_6595b64144ccf1df_6.0.18362.1256_none_9e7e379be45e40e2;C:\Program Files\Java\jdk-16.0.1\bin\server

VM Arguments:
jvm_args: -Dfile.encoding=Cp1252 -XX:+ShowCodeDetailsInExceptionMessages 
java_command: com.user.MainReadCsvFile
java_class_path (initial): C:\Users\GOD BLESS YOU\eclipse-workspace\MasterWorkerTask\bin;C:\Users\GOD BLESS YOU\eclipse-workspace\MasterWorkerTask\mysql-connector-java-8.0.26.jar
Launcher Type: SUN_STANDARD

[Global flags]
     intx CICompilerCount                          = 3                                         {product} {ergonomic}
     uint ConcGCThreads                            = 1                                         {product} {ergonomic}
     uint G1ConcRefinementThreads                  = 4                                         {product} {ergonomic}
   size_t G1HeapRegionSize                         = 1048576                                   {product} {ergonomic}
    uintx GCDrainStackTargetSize                   = 64                                        {product} {ergonomic}
   size_t InitialHeapSize                          = 67108864                                  {product} {ergonomic}
   size_t MarkStackSize                            = 4194304                                   {product} {ergonomic}
   size_t MaxHeapSize                              = 1052770304                                {product} {ergonomic}
   size_t MaxNewSize                               = 631242752                                 {product} {ergonomic}
   size_t MinHeapDeltaBytes                        = 1048576                                   {product} {ergonomic}
   size_t MinHeapSize                              = 8388608                                   {product} {ergonomic}
    uintx NonNMethodCodeHeapSize                   = 5832780                                {pd product} {ergonomic}
    uintx NonProfiledCodeHeapSize                  = 122912730                              {pd product} {ergonomic}
    uintx ProfiledCodeHeapSize                     = 122912730                              {pd product} {ergonomic}
    uintx ReservedCodeCacheSize                    = 251658240                              {pd product} {ergonomic}
     bool SegmentedCodeCache                       = true                                      {product} {ergonomic}
     bool ShowCodeDetailsInExceptionMessages       = true                                   {manageable} {command line}
   size_t SoftMaxHeapSize                          = 1052770304                             {manageable} {ergonomic}
     bool UseCompressedClassPointers               = true                           {product lp64_product} {ergonomic}
     bool UseCompressedOops                        = true                           {product lp64_product} {ergonomic}
     bool UseG1GC                                  = true                                      {product} {ergonomic}
     bool UseLargePagesIndividualAllocation        = false                                  {pd product} {ergonomic}

Logging:
Log output configuration:
 #0: stdout all=warning uptime,level,tags
 #1: stderr all=off uptime,level,tags

Environment Variables:
JAVA_HOME=C:\Program Files\Java\jdk-16.0.1
PATH=C:\Program Files\Common Files\Oracle\Java\javapath;C:\Windows\system32;C:\Windows;C:\Windows\System32\Wbem;C:\Windows\System32\WindowsPowerShell\v1.0\;C:\Windows\System32\OpenSSH\;C:\Program Files\Java\jdk-16.0.1\bin;C:\Program Files\Git\cmd;C:\Program Files\MySQL\MySQL Shell 8.0\bin\;C:\Users\GOD BLESS YOU\AppData\Local\Microsoft\WindowsApps;C:\Users\GOD BLESS YOU\AppData\Local\Programs\Microsoft VS Code\bin;C:\MinGW\bin;
USERNAME=GOD BLESS YOU
OS=Windows_NT
PROCESSOR_IDENTIFIER=Intel64 Family 6 Model 142 Stepping 9, GenuineIntel



---------------  S Y S T E M  ---------------

OS:
 Windows 10 , 64 bit Build 18362 (10.0.18362.1110)
OS uptime: 2 days 20:49 hours

CPU: total 4 (initial active 4) (2 cores per cpu, 2 threads per core) family 6 model 142 stepping 9 microcode 0x8e, cx8, cmov, fxsr, ht, mmx, 3dnowpref, sse, sse2, sse3, ssse3, sse4.1, sse4.2, popcnt, lzcnt, tsc, tscinvbit, avx, avx2, aes, erms, clmul, bmi1, bmi2, adx, fma, vzeroupper, clflush, clflushopt

Memory: 4k page, system-wide physical 4011M (216M free)
TotalPageFile size 16299M (AvailPageFile size 0M)
current process WorkingSet (physical memory assigned to process): 25M, peak: 25M
current process commit charge ("private bytes"): 127M, peak: 127M

vm_info: Java HotSpot(TM) 64-Bit Server VM (16.0.1+9-24) for windows-amd64 JRE (16.0.1+9-24), built on Mar 26 2021 19:31:42 by "mach5one" with MS VC++ 16.7 (VS2019)

END.
